0 info it worked if it ends with ok
1 verbose cli [ 'C:\\Program Files\\nodejs\\node.exe',
1 verbose cli   'C:\\Program Files\\nodejs\\node_modules\\npm\\bin\\npm-cli.js',
1 verbose cli   'install',
1 verbose cli   'body-parser',
1 verbose cli   '-',
1 verbose cli   'save' ]
2 info using npm@3.10.10
3 info using node@v6.11.2
4 silly loadCurrentTree Starting
5 silly install loadCurrentTree
6 silly install readLocalPackageData
7 silly fetchPackageMetaData body-parser@1.13.1
8 silly fetchPackageMetaData -
9 silly fetchPackageMetaData save
10 silly fetchNamedPackageData body-parser
11 silly mapToRegistry name body-parser
12 silly mapToRegistry using default registry
13 silly mapToRegistry registry https://registry.npmjs.org/
14 silly mapToRegistry data Result {
14 silly mapToRegistry   raw: 'body-parser',
14 silly mapToRegistry   scope: null,
14 silly mapToRegistry   escapedName: 'body-parser',
14 silly mapToRegistry   name: 'body-parser',
14 silly mapToRegistry   rawSpec: '',
14 silly mapToRegistry   spec: 'latest',
14 silly mapToRegistry   type: 'tag' }
15 silly mapToRegistry uri https://registry.npmjs.org/body-parser
16 silly fetchOtherPackageData -
17 silly cache add args [ '-', null ]
18 verbose cache add spec -
19 silly fetchNamedPackageData save
20 silly mapToRegistry name save
21 silly mapToRegistry using default registry
22 silly mapToRegistry registry https://registry.npmjs.org/
23 silly mapToRegistry data Result {
23 silly mapToRegistry   raw: 'save',
23 silly mapToRegistry   scope: null,
23 silly mapToRegistry   escapedName: 'save',
23 silly mapToRegistry   name: 'save',
23 silly mapToRegistry   rawSpec: '',
23 silly mapToRegistry   spec: 'latest',
23 silly mapToRegistry   type: 'tag' }
24 silly mapToRegistry uri https://registry.npmjs.org/save
25 silly cache add parsed spec Result {
25 silly cache add   raw: '-',
25 silly cache add   scope: null,
25 silly cache add   escapedName: null,
25 silly cache add   name: null,
25 silly cache add   rawSpec: '-',
25 silly cache add   spec: 'C:\\Users\\pligh\\Desktop\\Solutions\\DemoApp\\-',
25 silly cache add   type: 'local' }
26 verbose request uri https://registry.npmjs.org/save
27 verbose request no auth needed
28 info attempt registry request try #1 at 5:47:55 PM
29 verbose request id 5ee9962a2f037131
30 http request GET https://registry.npmjs.org/save
31 error addLocal Could not install C:\Users\pligh\Desktop\Solutions\DemoApp\-
32 silly fetchPackageMetaData Error: ENOENT: no such file or directory, open 'C:\Users\pligh\Desktop\Solutions\DemoApp\-'
32 silly fetchPackageMetaData     at Error (native)
32 silly fetchPackageMetaData  error for - { Error: ENOENT: no such file or directory, open 'C:\Users\pligh\Desktop\Solutions\DemoApp\-'
32 silly fetchPackageMetaData     at Error (native)
32 silly fetchPackageMetaData   errno: -4058,
32 silly fetchPackageMetaData   code: 'ENOENT',
32 silly fetchPackageMetaData   syscall: 'open',
32 silly fetchPackageMetaData   path: 'C:\\Users\\pligh\\Desktop\\Solutions\\DemoApp\\-' }
33 verbose get https://registry.npmjs.org/body-parser not expired, no request
34 http 200 https://registry.npmjs.org/save
35 verbose headers { server: 'nginx/1.10.1',
35 verbose headers   'content-type': 'application/json',
35 verbose headers   'last-modified': 'Thu, 15 Jun 2017 10:21:21 GMT',
35 verbose headers   etag: 'W/"59425fa1-9803"',
35 verbose headers   'content-encoding': 'gzip',
35 verbose headers   'cache-control': 'max-age=300',
35 verbose headers   'content-length': '5338',
35 verbose headers   'accept-ranges': 'bytes',
35 verbose headers   date: 'Sun, 26 Nov 2017 17:47:52 GMT',
35 verbose headers   via: '1.1 varnish',
35 verbose headers   age: '0',
35 verbose headers   connection: 'keep-alive',
35 verbose headers   'x-served-by': 'cache-lhr6331-LHR',
35 verbose headers   'x-cache': 'MISS',
35 verbose headers   'x-cache-hits': '0',
35 verbose headers   'x-timer': 'S1511718473.736657,VS0,VE18',
35 verbose headers   vary: 'Accept-Encoding, Accept' }
36 silly get cb [ 200,
36 silly get   { server: 'nginx/1.10.1',
36 silly get     'content-type': 'application/json',
36 silly get     'last-modified': 'Thu, 15 Jun 2017 10:21:21 GMT',
36 silly get     etag: 'W/"59425fa1-9803"',
36 silly get     'content-encoding': 'gzip',
36 silly get     'cache-control': 'max-age=300',
36 silly get     'content-length': '5338',
36 silly get     'accept-ranges': 'bytes',
36 silly get     date: 'Sun, 26 Nov 2017 17:47:52 GMT',
36 silly get     via: '1.1 varnish',
36 silly get     age: '0',
36 silly get     connection: 'keep-alive',
36 silly get     'x-served-by': 'cache-lhr6331-LHR',
36 silly get     'x-cache': 'MISS',
36 silly get     'x-cache-hits': '0',
36 silly get     'x-timer': 'S1511718473.736657,VS0,VE18',
36 silly get     vary: 'Accept-Encoding, Accept' } ]
37 verbose get saving save to C:\Users\pligh\AppData\Roaming\npm-cache\registry.npmjs.org\save\.cache.json
38 verbose correctMkdir C:\Users\pligh\AppData\Roaming\npm-cache correctMkdir not in flight; initializing
39 silly rollbackFailedOptional Starting
40 silly rollbackFailedOptional Finishing
41 silly runTopLevelLifecycles Finishing
42 silly install printInstalled
43 verbose stack Error: ENOENT: no such file or directory, open 'C:\Users\pligh\Desktop\Solutions\DemoApp\-'
43 verbose stack     at Error (native)
44 verbose cwd C:\Users\pligh\Desktop\Solutions\DemoApp
45 error Windows_NT 10.0.15063
46 error argv "C:\\Program Files\\nodejs\\node.exe" "C:\\Program Files\\nodejs\\node_modules\\npm\\bin\\npm-cli.js" "install" "body-parser" "-" "save"
47 error node v6.11.2
48 error npm  v3.10.10
49 error path C:\Users\pligh\Desktop\Solutions\DemoApp\-
50 error code ENOENT
51 error errno -4058
52 error syscall open
53 error enoent ENOENT: no such file or directory, open 'C:\Users\pligh\Desktop\Solutions\DemoApp\-'
54 error enoent ENOENT: no such file or directory, open 'C:\Users\pligh\Desktop\Solutions\DemoApp\-'
54 error enoent This is most likely not a problem with npm itself
54 error enoent and is related to npm not being able to find a file.
55 verbose exit [ -4058, true ]
